C:\Users\Irish\selenium_webdriver\Scripts\python.exe "C:\Program Files\JetBrains\PyCharm 2017.1.3\helpers\pycharm\_jb_pytest_runner.py" --path D:/programms/selenium/python_test.py
Testing started at 21:55 ...
Launching py.test with arguments D:/programms/selenium/python_test.py in D:\programms\selenium
============================= test session starts =============================
platform win32 -- Python 3.5.2, pytest-3.1.0, py-1.4.33, pluggy-0.4.0
rootdir: D:\programms\selenium, inifile:
collected 1 items

python_test.py E
test setup failed
self = <selenium.webdriver.firefox.service.Service object at 0x0000020171E4F1D0>

    def start(self):
        """
            Starts the Service.
    
            :Exceptions:
             - WebDriverException : Raised either when it can't start the service
               or when it can't connect to the service
            """
        try:
            cmd = [self.path]
            cmd.extend(self.command_line_args())
            self.process = subprocess.Popen(cmd, env=self.env,
                                            close_fds=platform.system() != 'Windows',
>                                           stdout=self.log_file, stderr=self.log_file)

C:\Users\Irish\selenium_webdriver\lib\site-packages\selenium\webdriver\common\service.py:74: 
_ _ _ _ _ _ _ _ _ _ _ _ _ _ _ _ _ _ _ _ _ _ _ _ _ _ _ _ _ _ _ _ _ _ _ _ _ _ _ _

self = <subprocess.Popen object at 0x0000020171E4F470>
args = ['geckodriver', '--port', '52545'], bufsize = -1, executable = None
stdin = None
stdout = <_io.TextIOWrapper name='geckodriver.log' mode='a+' encoding='cp1251'>
stderr = <_io.TextIOWrapper name='geckodriver.log' mode='a+' encoding='cp1251'>
preexec_fn = None, close_fds = False, shell = False, cwd = None
env = environ({'PYCHARM_HELPERS_DIR': 'C:\\Program Files\\JetBrains\\PyCharm 2017.1.3\\helpers\\pycharm', 'COMMONPROGRAMFILE... 'IRISH-PC', 'PROCESSOR_ARCHITECTURE': 'AMD64', 'TEMP': 'C:\\Users\\Irish\\AppData\\Local\\Temp', 'USERNAME': 'Irish'})
universal_newlines = False, startupinfo = None, creationflags = 0
restore_signals = True, start_new_session = False, pass_fds = ()

    def __init__(self, args, bufsize=-1, executable=None,
                 stdin=None, stdout=None, stderr=None,
                 preexec_fn=None, close_fds=_PLATFORM_DEFAULT_CLOSE_FDS,
                 shell=False, cwd=None, env=None, universal_newlines=False,
                 startupinfo=None, creationflags=0,
                 restore_signals=True, start_new_session=False,
                 pass_fds=()):
        """Create new Popen instance."""
        _cleanup()
        # Held while anything is calling waitpid before returncode has been
        # updated to prevent clobbering returncode if wait() or poll() are
        # called from multiple threads at once.  After acquiring the lock,
        # code must re-check self.returncode to see if another thread just
        # finished a waitpid() call.
        self._waitpid_lock = threading.Lock()
    
        self._input = None
        self._communication_started = False
        if bufsize is None:
            bufsize = -1  # Restore default
        if not isinstance(bufsize, int):
            raise TypeError("bufsize must be an integer")
    
        if _mswindows:
            if preexec_fn is not None:
                raise ValueError("preexec_fn is not supported on Windows "
                                 "platforms")
            any_stdio_set = (stdin is not None or stdout is not None or
                             stderr is not None)
            if close_fds is _PLATFORM_DEFAULT_CLOSE_FDS:
                if any_stdio_set:
                    close_fds = False
                else:
                    close_fds = True
            elif close_fds and any_stdio_set:
                raise ValueError(
                        "close_fds is not supported on Windows platforms"
                        " if you redirect stdin/stdout/stderr")
        else:
            # POSIX
            if close_fds is _PLATFORM_DEFAULT_CLOSE_FDS:
                close_fds = True
            if pass_fds and not close_fds:
                warnings.warn("pass_fds overriding close_fds.", RuntimeWarning)
                close_fds = True
            if startupinfo is not None:
                raise ValueError("startupinfo is only supported on Windows "
                                 "platforms")
            if creationflags != 0:
                raise ValueError("creationflags is only supported on Windows "
                                 "platforms")
    
        self.args = args
        self.stdin = None
        self.stdout = None
        self.stderr = None
        self.pid = None
        self.returncode = None
        self.universal_newlines = universal_newlines
    
        # Input and output objects. The general principle is like
        # this:
        #
        # Parent                   Child
        # ------                   -----
        # p2cwrite   ---stdin--->  p2cread
        # c2pread    <--stdout---  c2pwrite
        # errread    <--stderr---  errwrite
        #
        # On POSIX, the child objects are file descriptors.  On
        # Windows, these are Windows file handles.  The parent objects
        # are file descriptors on both platforms.  The parent objects
        # are -1 when not using PIPEs. The child objects are -1
        # when not redirecting.
    
        (p2cread, p2cwrite,
         c2pread, c2pwrite,
         errread, errwrite) = self._get_handles(stdin, stdout, stderr)
    
        # We wrap OS handles *before* launching the child, otherwise a
        # quickly terminating child could make our fds unwrappable
        # (see #8458).
    
        if _mswindows:
            if p2cwrite != -1:
                p2cwrite = msvcrt.open_osfhandle(p2cwrite.Detach(), 0)
            if c2pread != -1:
                c2pread = msvcrt.open_osfhandle(c2pread.Detach(), 0)
            if errread != -1:
                errread = msvcrt.open_osfhandle(errread.Detach(), 0)
    
        if p2cwrite != -1:
            self.stdin = io.open(p2cwrite, 'wb', bufsize)
            if universal_newlines:
                self.stdin = io.TextIOWrapper(self.stdin, write_through=True,
                                              line_buffering=(bufsize == 1))
        if c2pread != -1:
            self.stdout = io.open(c2pread, 'rb', bufsize)
            if universal_newlines:
                self.stdout = io.TextIOWrapper(self.stdout)
        if errread != -1:
            self.stderr = io.open(errread, 'rb', bufsize)
            if universal_newlines:
                self.stderr = io.TextIOWrapper(self.stderr)
    
        self._closed_child_pipe_fds = False
        try:
            self._execute_child(args, executable, preexec_fn, close_fds,
                                pass_fds, cwd, env,
                                startupinfo, creationflags, shell,
                                p2cread, p2cwrite,
                                c2pread, c2pwrite,
                                errread, errwrite,
>                               restore_signals, start_new_session)

D:\Python\Lib\subprocess.py:947: 
_ _ _ _ _ _ _ _ _ _ _ _ _ _ _ _ _ _ _ _ _ _ _ _ _ _ _ _ _ _ _ _ _ _ _ _ _ _ _ _

self = <subprocess.Popen object at 0x0000020171E4F470>
args = 'geckodriver --port 52545', executable = None, preexec_fn = None
close_fds = False, pass_fds = (), cwd = None
env = environ({'PYCHARM_HELPERS_DIR': 'C:\\Program Files\\JetBrains\\PyCharm 2017.1.3\\helpers\\pycharm', 'COMMONPROGRAMFILE... 'IRISH-PC', 'PROCESSOR_ARCHITECTURE': 'AMD64', 'TEMP': 'C:\\Users\\Irish\\AppData\\Local\\Temp', 'USERNAME': 'Irish'})
startupinfo = <subprocess.STARTUPINFO object at 0x0000020171E4F588>
creationflags = 0, shell = False, p2cread = Handle(608), p2cwrite = -1
c2pread = -1, c2pwrite = Handle(624), errread = -1, errwrite = Handle(652)
unused_restore_signals = True, unused_start_new_session = False

    def _execute_child(self, args, executable, preexec_fn, close_fds,
                       pass_fds, cwd, env,
                       startupinfo, creationflags, shell,
                       p2cread, p2cwrite,
                       c2pread, c2pwrite,
                       errread, errwrite,
                       unused_restore_signals, unused_start_new_session):
        """Execute program (MS Windows version)"""
    
        assert not pass_fds, "pass_fds not supported on Windows."
    
        if not isinstance(args, str):
            args = list2cmdline(args)
    
        # Process startup details
        if startupinfo is None:
            startupinfo = STARTUPINFO()
        if -1 not in (p2cread, c2pwrite, errwrite):
            startupinfo.dwFlags |= _winapi.STARTF_USESTDHANDLES
            startupinfo.hStdInput = p2cread
            startupinfo.hStdOutput = c2pwrite
            startupinfo.hStdError = errwrite
    
        if shell:
            startupinfo.dwFlags |= _winapi.STARTF_USESHOWWINDOW
            startupinfo.wShowWindow = _winapi.SW_HIDE
            comspec = os.environ.get("COMSPEC", "cmd.exe")
            args = '{} /c "{}"'.format (comspec, args)
    
        # Start the process
        try:
            hp, ht, pid, tid = _winapi.CreateProcess(executable, args,
                                     # no special security
                                     None, None,
                                     int(not close_fds),
                                     creationflags,
                                     env,
                                     cwd,
>                                    startupinfo)
E                                    FileNotFoundError: [WinError 2] Не удается найти указанный файл

D:\Python\Lib\subprocess.py:1224: FileNotFoundError

During handling of the above exception, another exception occurred:

request = <SubRequest 'driver' for <Function 'test_example'>>

    @pytest.fixture
    def driver(request):
>       wd = webdriver.Firefox(firefox_binary="C:\\Program Files (x86)\\Mozilla Firefox\\firefox.exe")

python_test.py:9: 
_ _ _ _ _ _ _ _ _ _ _ _ _ _ _ _ _ _ _ _ _ _ _ _ _ _ _ _ _ _ _ _ _ _ _ _ _ _ _ _
C:\Users\Irish\selenium_webdriver\lib\site-packages\selenium\webdriver\firefox\webdriver.py:142: in __init__
    self.service.start()
_ _ _ _ _ _ _ _ _ _ _ _ _ _ _ _ _ _ _ _ _ _ _ _ _ _ _ _ _ _ _ _ _ _ _ _ _ _ _ _

self = <selenium.webdriver.firefox.service.Service object at 0x0000020171E4F1D0>

    def start(self):
        """
            Starts the Service.
    
            :Exceptions:
             - WebDriverException : Raised either when it can't start the service
               or when it can't connect to the service
            """
        try:
            cmd = [self.path]
            cmd.extend(self.command_line_args())
            self.process = subprocess.Popen(cmd, env=self.env,
                                            close_fds=platform.system() != 'Windows',
                                            stdout=self.log_file, stderr=self.log_file)
        except TypeError:
            raise
        except OSError as err:
            if err.errno == errno.ENOENT:
                raise WebDriverException(
                    "'%s' executable needs to be in PATH. %s" % (
>                       os.path.basename(self.path), self.start_error_message)
E                       selenium.common.exceptions.WebDriverException: Message: 'geckodriver' executable needs to be in PATH.

C:\Users\Irish\selenium_webdriver\lib\site-packages\selenium\webdriver\common\service.py:81: WebDriverException


=================================== ERRORS ====================================
_______________________ ERROR at setup of test_example ________________________

self = <selenium.webdriver.firefox.service.Service object at 0x0000020171E4F1D0>

    def start(self):
        """
            Starts the Service.
    
            :Exceptions:
             - WebDriverException : Raised either when it can't start the service
               or when it can't connect to the service
            """
        try:
            cmd = [self.path]
            cmd.extend(self.command_line_args())
            self.process = subprocess.Popen(cmd, env=self.env,
                                            close_fds=platform.system() != 'Windows',
>                                           stdout=self.log_file, stderr=self.log_file)

C:\Users\Irish\selenium_webdriver\lib\site-packages\selenium\webdriver\common\service.py:74: 
_ _ _ _ _ _ _ _ _ _ _ _ _ _ _ _ _ _ _ _ _ _ _ _ _ _ _ _ _ _ _ _ _ _ _ _ _ _ _ _

self = <subprocess.Popen object at 0x0000020171E4F470>
args = ['geckodriver', '--port', '52545'], bufsize = -1, executable = None
stdin = None
stdout = <_io.TextIOWrapper name='geckodriver.log' mode='a+' encoding='cp1251'>
stderr = <_io.TextIOWrapper name='geckodriver.log' mode='a+' encoding='cp1251'>
preexec_fn = None, close_fds = False, shell = False, cwd = None
env = environ({'PYCHARM_HELPERS_DIR': 'C:\\Program Files\\JetBrains\\PyCharm 2017.1.3\\helpers\\pycharm', 'COMMONPROGRAMFILE... 'IRISH-PC', 'PROCESSOR_ARCHITECTURE': 'AMD64', 'TEMP': 'C:\\Users\\Irish\\AppData\\Local\\Temp', 'USERNAME': 'Irish'})
universal_newlines = False, startupinfo = None, creationflags = 0
restore_signals = True, start_new_session = False, pass_fds = ()

    def __init__(self, args, bufsize=-1, executable=None,
                 stdin=None, stdout=None, stderr=None,
                 preexec_fn=None, close_fds=_PLATFORM_DEFAULT_CLOSE_FDS,
                 shell=False, cwd=None, env=None, universal_newlines=False,
                 startupinfo=None, creationflags=0,
                 restore_signals=True, start_new_session=False,
                 pass_fds=()):
        """Create new Popen instance."""
        _cleanup()
        # Held while anything is calling waitpid before returncode has been
        # updated to prevent clobbering returncode if wait() or poll() are
        # called from multiple threads at once.  After acquiring the lock,
        # code must re-check self.returncode to see if another thread just
        # finished a waitpid() call.
        self._waitpid_lock = threading.Lock()
    
        self._input = None
        self._communication_started = False
        if bufsize is None:
            bufsize = -1  # Restore default
        if not isinstance(bufsize, int):
            raise TypeError("bufsize must be an integer")
    
        if _mswindows:
            if preexec_fn is not None:
                raise ValueError("preexec_fn is not supported on Windows "
                                 "platforms")
            any_stdio_set = (stdin is not None or stdout is not None or
                             stderr is not None)
            if close_fds is _PLATFORM_DEFAULT_CLOSE_FDS:
                if any_stdio_set:
                    close_fds = False
                else:
                    close_fds = True
            elif close_fds and any_stdio_set:
                raise ValueError(
                        "close_fds is not supported on Windows platforms"
                        " if you redirect stdin/stdout/stderr")
        else:
            # POSIX
            if close_fds is _PLATFORM_DEFAULT_CLOSE_FDS:
                close_fds = True
            if pass_fds and not close_fds:
                warnings.warn("pass_fds overriding close_fds.", RuntimeWarning)
                close_fds = True
            if startupinfo is not None:
                raise ValueError("startupinfo is only supported on Windows "
                                 "platforms")
            if creationflags != 0:
                raise ValueError("creationflags is only supported on Windows "
                                 "platforms")
    
        self.args = args
        self.stdin = None
        self.stdout = None
        self.stderr = None
        self.pid = None
        self.returncode = None
        self.universal_newlines = universal_newlines
    
        # Input and output objects. The general principle is like
        # this:
        #
        # Parent                   Child
        # ------                   -----
        # p2cwrite   ---stdin--->  p2cread
        # c2pread    <--stdout---  c2pwrite
        # errread    <--stderr---  errwrite
        #
        # On POSIX, the child objects are file descriptors.  On
        # Windows, these are Windows file handles.  The parent objects
        # are file descriptors on both platforms.  The parent objects
        # are -1 when not using PIPEs. The child objects are -1
        # when not redirecting.
    
        (p2cread, p2cwrite,
         c2pread, c2pwrite,
         errread, errwrite) = self._get_handles(stdin, stdout, stderr)
    
        # We wrap OS handles *before* launching the child, otherwise a
        # quickly terminating child could make our fds unwrappable
        # (see #8458).
    
        if _mswindows:
            if p2cwrite != -1:
                p2cwrite = msvcrt.open_osfhandle(p2cwrite.Detach(), 0)
            if c2pread != -1:
                c2pread = msvcrt.open_osfhandle(c2pread.Detach(), 0)
            if errread != -1:
                errread = msvcrt.open_osfhandle(errread.Detach(), 0)
    
        if p2cwrite != -1:
            self.stdin = io.open(p2cwrite, 'wb', bufsize)
            if universal_newlines:
                self.stdin = io.TextIOWrapper(self.stdin, write_through=True,
                                              line_buffering=(bufsize == 1))
        if c2pread != -1:
            self.stdout = io.open(c2pread, 'rb', bufsize)
            if universal_newlines:
                self.stdout = io.TextIOWrapper(self.stdout)
        if errread != -1:
            self.stderr = io.open(errread, 'rb', bufsize)
            if universal_newlines:
                self.stderr = io.TextIOWrapper(self.stderr)
    
        self._closed_child_pipe_fds = False
        try:
            self._execute_child(args, executable, preexec_fn, close_fds,
                                pass_fds, cwd, env,
                                startupinfo, creationflags, shell,
                                p2cread, p2cwrite,
                                c2pread, c2pwrite,
                                errread, errwrite,
>                               restore_signals, start_new_session)

D:\Python\Lib\subprocess.py:947: 
_ _ _ _ _ _ _ _ _ _ _ _ _ _ _ _ _ _ _ _ _ _ _ _ _ _ _ _ _ _ _ _ _ _ _ _ _ _ _ _

self = <subprocess.Popen object at 0x0000020171E4F470>
args = 'geckodriver --port 52545', executable = None, preexec_fn = None
close_fds = False, pass_fds = (), cwd = None
env = environ({'PYCHARM_HELPERS_DIR': 'C:\\Program Files\\JetBrains\\PyCharm 2017.1.3\\helpers\\pycharm', 'COMMONPROGRAMFILE... 'IRISH-PC', 'PROCESSOR_ARCHITECTURE': 'AMD64', 'TEMP': 'C:\\Users\\Irish\\AppData\\Local\\Temp', 'USERNAME': 'Irish'})
startupinfo = <subprocess.STARTUPINFO object at 0x0000020171E4F588>
creationflags = 0, shell = False, p2cread = Handle(608), p2cwrite = -1
c2pread = -1, c2pwrite = Handle(624), errread = -1, errwrite = Handle(652)
unused_restore_signals = True, unused_start_new_session = False

    def _execute_child(self, args, executable, preexec_fn, close_fds,
                       pass_fds, cwd, env,
                       startupinfo, creationflags, shell,
                       p2cread, p2cwrite,
                       c2pread, c2pwrite,
                       errread, errwrite,
                       unused_restore_signals, unused_start_new_session):
        """Execute program (MS Windows version)"""
    
        assert not pass_fds, "pass_fds not supported on Windows."
    
        if not isinstance(args, str):
            args = list2cmdline(args)
    
        # Process startup details
        if startupinfo is None:
            startupinfo = STARTUPINFO()
        if -1 not in (p2cread, c2pwrite, errwrite):
            startupinfo.dwFlags |= _winapi.STARTF_USESTDHANDLES
            startupinfo.hStdInput = p2cread
            startupinfo.hStdOutput = c2pwrite
            startupinfo.hStdError = errwrite
    
        if shell:
            startupinfo.dwFlags |= _winapi.STARTF_USESHOWWINDOW
            startupinfo.wShowWindow = _winapi.SW_HIDE
            comspec = os.environ.get("COMSPEC", "cmd.exe")
            args = '{} /c "{}"'.format (comspec, args)
    
        # Start the process
        try:
            hp, ht, pid, tid = _winapi.CreateProcess(executable, args,
                                     # no special security
                                     None, None,
                                     int(not close_fds),
                                     creationflags,
                                     env,
                                     cwd,
>                                    startupinfo)
E                                    FileNotFoundError: [WinError 2] Не удается найти указанный файл

D:\Python\Lib\subprocess.py:1224: FileNotFoundError

During handling of the above exception, another exception occurred:

request = <SubRequest 'driver' for <Function 'test_example'>>

    @pytest.fixture
    def driver(request):
>       wd = webdriver.Firefox(firefox_binary="C:\\Program Files (x86)\\Mozilla Firefox\\firefox.exe")

python_test.py:9: 
_ _ _ _ _ _ _ _ _ _ _ _ _ _ _ _ _ _ _ _ _ _ _ _ _ _ _ _ _ _ _ _ _ _ _ _ _ _ _ _
C:\Users\Irish\selenium_webdriver\lib\site-packages\selenium\webdriver\firefox\webdriver.py:142: in __init__
    self.service.start()
_ _ _ _ _ _ _ _ _ _ _ _ _ _ _ _ _ _ _ _ _ _ _ _ _ _ _ _ _ _ _ _ _ _ _ _ _ _ _ _

self = <selenium.webdriver.firefox.service.Service object at 0x0000020171E4F1D0>

    def start(self):
        """
            Starts the Service.
    
            :Exceptions:
             - WebDriverException : Raised either when it can't start the service
               or when it can't connect to the service
            """
        try:
            cmd = [self.path]
            cmd.extend(self.command_line_args())
            self.process = subprocess.Popen(cmd, env=self.env,
                                            close_fds=platform.system() != 'Windows',
                                            stdout=self.log_file, stderr=self.log_file)
        except TypeError:
            raise
        except OSError as err:
            if err.errno == errno.ENOENT:
                raise WebDriverException(
                    "'%s' executable needs to be in PATH. %s" % (
>                       os.path.basename(self.path), self.start_error_message)
E                       selenium.common.exceptions.WebDriverException: Message: 'geckodriver' executable needs to be in PATH.

C:\Users\Irish\selenium_webdriver\lib\site-packages\selenium\webdriver\common\service.py:81: WebDriverException
=========================== 1 error in 1.70 seconds ===========================

Process finished with exit code 0
